[1m============================= test session starts ==============================[0m
platform linux -- Python 3.10.12, pytest-6.2.5, py-1.10.0, pluggy-0.13.0
cachedir: build/mypkg/.pytest_cache
rootdir: /home/koma/ros2_ws/src/mypkg
plugins: ament-xmllint-0.12.14, ament-lint-0.12.14, launch-testing-ros-0.19.12, launch-testing-1.0.11, ament-pep257-0.12.14, ament-flake8-0.12.14, ament-copyright-0.12.14, colcon-core-0.20.1, cov-3.0.0
[1mcollecting ... [0m[1m
collected 3 items                                                              [0m

test/test_copyright.py [33ms[0m[32m                                                 [ 33%][0m
test/test_flake8.py [31mF[0m[31m                                                    [ 66%][0m
test/test_pep257.py [32m.[0m[31m                                                    [100%][0m

=================================== FAILURES ===================================
[31m[1m_________________________________ test_flake8 __________________________________[0m
[1m[31mtest/test_flake8.py[0m:23: in test_flake8
    [94massert[39;49;00m rc == [94m0[39;49;00m, \
[1m[31mE   AssertionError: Found 3 code style errors / warnings:[0m
[1m[31mE     ./launch/talk_listen.launch.py:17:1: W391 blank line at end of file[0m
[1m[31mE     ./mypkg/listener.py:37:1: W391 blank line at end of file[0m
[1m[31mE     ./mypkg/talker.py:29:1: W391 blank line at end of file[0m
[1m[31mE   assert 1 == 0[0m
----------------------------- Captured stdout call -----------------------------

./launch/talk_listen.launch.py:17:1: W391 blank line at end of file

^

./mypkg/listener.py:37:1: W391 blank line at end of file

^

./mypkg/talker.py:29:1: W391 blank line at end of file

^

3     W391 blank line at end of file

8 files checked
3 errors

'W'-type errors: 3

Checked files:

* ./setup.py
* ./launch/talk_listen.launch.py
* ./mypkg/listener.py
* ./mypkg/talker.py
* ./mypkg/__init__.py
* ./test/test_pep257.py
* ./test/test_copyright.py
* ./test/test_flake8.py
----------------------------- Captured stderr call -----------------------------
option --max-complexity: please update from optparse string `type=` to argparse callable `type=` -- this will be an error in the future
--- generated xml file: /home/koma/ros2_ws/src/mypkg/build/mypkg/pytest.xml ----
=========================== short test summary info ============================
FAILED test/test_flake8.py::test_flake8 - AssertionError: Found 3 code style ...
[33m=============================== warnings summary ===============================[0m
test/test_flake8.py::test_flake8
test/test_flake8.py::test_flake8
  Warning: SelectableGroups dict interface is deprecated. Use select.

-- Docs: https://docs.pytest.org/en/stable/warnings.html
[31m============== [31m[1m1 failed[0m, [32m1 passed[0m, [33m1 skipped[0m, [33m2 warnings[0m[31m in 0.25s[0m[31m ==============[0m
