[0.000000] (-) TimerEvent: {}
[0.000608] (mypkg) JobQueued: {'identifier': 'mypkg', 'dependencies': OrderedDict([('mypkg', '/home/koma/ros2_ws/src/mypkg/install/mypkg')])}
[0.000646] (mypkg) JobStarted: {'identifier': 'mypkg'}
[0.107090] (-) TimerEvent: {}
[0.164691] (mypkg) Command: {'cmd': ['/usr/bin/python3', '-m', 'pytest'], 'cwd': '/home/koma/ros2_ws/src/mypkg', 'env': {'LESSOPEN': '| /usr/bin/lesspipe %s', 'CONDA_PROMPT_MODIFIER': '(base)', 'USER': 'koma', 'SHLVL': '1', 'LD_LIBRARY_PATH': '/home/koma/ros2_ws/install/person_msgs/lib:/opt/ros/humble/opt/rviz_ogre_vendor/lib:/opt/ros/humble/lib/x86_64-linux-gnu:/opt/ros/humble/lib', 'CONDA_BACKUP_QT_XCB_GL_INTEGRATION': '', 'MOTD_SHOWN': 'update-motd', 'HOME': '/home/koma', 'CONDA_SHLVL': '1', 'OLDPWD': '/home/koma/ros2_ws/src/mypkg/launch', 'ROS_PYTHON_VERSION': '3', 'DBUS_SESSION_BUS_ADDRESS': 'unix:path=/run/user/1000/bus', 'WSL_DISTRO_NAME': 'Ubuntu-22.04', 'WAYLAND_DISPLAY': 'wayland-0', 'COLCON_PREFIX_PATH': '/home/koma/ros2_ws/install', 'ROS_DISTRO': 'humble', 'LOGNAME': 'koma', 'NAME': 'LAPTOP-850DDP0I', 'WSL_INTEROP': '/run/WSL/411_interop', 'PULSE_SERVER': 'unix:/mnt/wslg/PulseServer', '_': '/usr/bin/colcon', 'ROS_VERSION': '2', 'TERM': 'xterm-256color', 'ROS_LOCALHOST_ONLY': '0', 'PATH': '/home/koma/anaconda3/bin:/home/koma/.local/bin:/opt/ros/humble/bin:/home/koma/anaconda3/condabin:/usr/local/sbin:/usr/local/bin:/usr/sbin:/usr/bin:/sbin:/bin:/usr/games:/usr/local/games:/usr/lib/wsl/lib:/mnt/c/Program Files/WindowsApps/MicrosoftCorporationII.WindowsSubsystemForLinux_2.6.3.0_x64__8wekyb3d8bbwe:/mnt/c/WINDOWS/system32:/mnt/c/WINDOWS:/mnt/c/WINDOWS/System32/Wbem:/mnt/c/WINDOWS/System32/WindowsPowerShell/v1.0:/mnt/c/WINDOWS/System32/OpenSSH:/mnt/c/Program Files/Git/cmd:/mnt/c/Program Files/TortoiseGit/bin:/mnt/c/Program Files/dotnet:/mnt/c/Program Files/MATLAB/R2024b/bin:/mnt/c/Users/horse/AppData/Local/Microsoft/WindowsApps:/mnt/c/Users/horse/AppData/Local/Programs/Microsoft VS Code/bin:/snap/bin', 'XDG_RUNTIME_DIR': '/run/user/1000/', 'DISPLAY': ':0', 'LANG': 'C.UTF-8', 'LS_COLORS': 'rs=0:di=01;34:ln=01;36:mh=00:pi=40;33:so=01;35:do=01;35:bd=40;33;01:cd=40;33;01:or=40;31;01:mi=00:su=37;41:sg=30;43:ca=30;41:tw=30;42:ow=34;42:st=37;44:ex=01;32:*.tar=01;31:*.tgz=01;31:*.arc=01;31:*.arj=01;31:*.taz=01;31:*.lha=01;31:*.lz4=01;31:*.lzh=01;31:*.lzma=01;31:*.tlz=01;31:*.txz=01;31:*.tzo=01;31:*.t7z=01;31:*.zip=01;31:*.z=01;31:*.dz=01;31:*.gz=01;31:*.lrz=01;31:*.lz=01;31:*.lzo=01;31:*.xz=01;31:*.zst=01;31:*.tzst=01;31:*.bz2=01;31:*.bz=01;31:*.tbz=01;31:*.tbz2=01;31:*.tz=01;31:*.deb=01;31:*.rpm=01;31:*.jar=01;31:*.war=01;31:*.ear=01;31:*.sar=01;31:*.rar=01;31:*.alz=01;31:*.ace=01;31:*.zoo=01;31:*.cpio=01;31:*.7z=01;31:*.rz=01;31:*.cab=01;31:*.wim=01;31:*.swm=01;31:*.dwm=01;31:*.esd=01;31:*.jpg=01;35:*.jpeg=01;35:*.mjpg=01;35:*.mjpeg=01;35:*.gif=01;35:*.bmp=01;35:*.pbm=01;35:*.pgm=01;35:*.ppm=01;35:*.tga=01;35:*.xbm=01;35:*.xpm=01;35:*.tif=01;35:*.tiff=01;35:*.png=01;35:*.svg=01;35:*.svgz=01;35:*.mng=01;35:*.pcx=01;35:*.mov=01;35:*.mpg=01;35:*.mpeg=01;35:*.m2v=01;35:*.mkv=01;35:*.webm=01;35:*.webp=01;35:*.ogm=01;35:*.mp4=01;35:*.m4v=01;35:*.mp4v=01;35:*.vob=01;35:*.qt=01;35:*.nuv=01;35:*.wmv=01;35:*.asf=01;35:*.rm=01;35:*.rmvb=01;35:*.flc=01;35:*.avi=01;35:*.fli=01;35:*.flv=01;35:*.gl=01;35:*.dl=01;35:*.xcf=01;35:*.xwd=01;35:*.yuv=01;35:*.cgm=01;35:*.emf=01;35:*.ogv=01;35:*.ogx=01;35:*.aac=00;36:*.au=00;36:*.flac=00;36:*.m4a=00;36:*.mid=00;36:*.midi=00;36:*.mka=00;36:*.mp3=00;36:*.mpc=00;36:*.ogg=00;36:*.ra=00;36:*.wav=00;36:*.oga=00;36:*.opus=00;36:*.spx=00;36:*.xspf=00;36:', 'QT_XCB_GL_INTEGRATION': 'none', 'GSETTINGS_SCHEMA_DIR': '/home/koma/anaconda3/share/glib-2.0/schemas', 'AMENT_PREFIX_PATH': '/home/koma/ros2_ws/install/person_msgs:/home/koma/ros2_ws/install/mypkg:/opt/ros/humble', 'CONDA_PYTHON_EXE': '/home/koma/anaconda3/bin/python', 'SHELL': '/bin/bash', 'LESSCLOSE': '/usr/bin/lesspipe %s %s', 'CONDA_DEFAULT_ENV': 'base', 'PWD': '/home/koma/ros2_ws/src/mypkg/build/mypkg', 'CONDA_EXE': '/home/koma/anaconda3/bin/conda', 'XDG_DATA_DIRS': '/usr/local/share:/usr/share:/var/lib/snapd/desktop', 'PYTHONPATH': '/home/koma/ros2_ws/install/person_msgs/local/lib/python3.10/dist-packages:/home/koma/ros2_ws/install/mypkg/lib/python3.10/site-packages:/opt/ros/humble/lib/python3.10/site-packages:/opt/ros/humble/local/lib/python3.10/dist-packages', 'CONDA_PREFIX': '/home/koma/anaconda3', 'GSETTINGS_SCHEMA_DIR_CONDA_BACKUP': '', 'COLCON': '1', 'WSL2_GUI_APPS_ENABLED': '1', 'HOSTTYPE': 'x86_64', 'CMAKE_PREFIX_PATH': '/home/koma/ros2_ws/install/person_msgs', 'WSLENV': '', 'PYTHONDONTWRITEBYTECODE': '1', 'PYTEST_ADDOPTS': '--tb=short --junit-xml=/home/koma/ros2_ws/src/mypkg/build/mypkg/pytest.xml --junit-prefix=mypkg -o cache_dir=/home/koma/ros2_ws/src/mypkg/build/mypkg/.pytest_cache'}, 'shell': False}
[0.210702] (-) TimerEvent: {}
[0.313351] (-) TimerEvent: {}
[0.413718] (-) TimerEvent: {}
[0.502441] (mypkg) StdoutLine: {'line': b'\x1b[1m============================= test session starts ==============================\x1b[0m\n'}
[0.502650] (mypkg) StdoutLine: {'line': b'platform linux -- Python 3.10.12, pytest-6.2.5, py-1.10.0, pluggy-0.13.0\n'}
[0.505050] (mypkg) StdoutLine: {'line': b'cachedir: build/mypkg/.pytest_cache\n'}
[0.505142] (mypkg) StdoutLine: {'line': b'rootdir: /home/koma/ros2_ws/src/mypkg\n'}
[0.505216] (mypkg) StdoutLine: {'line': b'plugins: ament-xmllint-0.12.14, ament-lint-0.12.14, launch-testing-ros-0.19.12, launch-testing-1.0.11, ament-pep257-0.12.14, ament-flake8-0.12.14, ament-copyright-0.12.14, colcon-core-0.20.1, cov-3.0.0\n'}
[0.514528] (-) TimerEvent: {}
[0.598743] (mypkg) StdoutLine: {'line': b'\x1b[1mcollecting ... \x1b[0m\x1b[1m\n'}
[0.598890] (mypkg) StdoutLine: {'line': b'collected 3 items                                                              \x1b[0m\n'}
[0.599164] (mypkg) StdoutLine: {'line': b'\n'}
[0.602982] (mypkg) StdoutLine: {'line': b'test/test_copyright.py \x1b[33ms\x1b[0m\x1b[32m                                                 [ 33%]\x1b[0m\n'}
[0.615770] (-) TimerEvent: {}
[0.698104] (mypkg) StdoutLine: {'line': b'test/test_flake8.py \x1b[31mF\x1b[0m\x1b[31m                                                    [ 66%]\x1b[0m\n'}
[0.712597] (mypkg) StdoutLine: {'line': b'test/test_pep257.py \x1b[32m.\x1b[0m\x1b[31m                                                    [100%]\x1b[0m\n'}
[0.712714] (mypkg) StdoutLine: {'line': b'\n'}
[0.712751] (mypkg) StdoutLine: {'line': b'=================================== FAILURES ===================================\n'}
[0.712777] (mypkg) StdoutLine: {'line': b'\x1b[31m\x1b[1m_________________________________ test_flake8 __________________________________\x1b[0m\n'}
[0.712803] (mypkg) StdoutLine: {'line': b'\x1b[1m\x1b[31mtest/test_flake8.py\x1b[0m:23: in test_flake8\n'}
[0.716104] (-) TimerEvent: {}
[0.754705] (mypkg) StdoutLine: {'line': b'    \x1b[94massert\x1b[39;49;00m rc == \x1b[94m0\x1b[39;49;00m, \\\n'}
[0.754845] (mypkg) StdoutLine: {'line': b'\x1b[1m\x1b[31mE   AssertionError: Found 3 code style errors / warnings:\x1b[0m\n'}
[0.754908] (mypkg) StdoutLine: {'line': b'\x1b[1m\x1b[31mE     ./launch/talk_listen.launch.py:17:1: W391 blank line at end of file\x1b[0m\n'}
[0.754954] (mypkg) StdoutLine: {'line': b'\x1b[1m\x1b[31mE     ./mypkg/listener.py:37:1: W391 blank line at end of file\x1b[0m\n'}
[0.755027] (mypkg) StdoutLine: {'line': b'\x1b[1m\x1b[31mE     ./mypkg/talker.py:29:1: W391 blank line at end of file\x1b[0m\n'}
[0.755079] (mypkg) StdoutLine: {'line': b'\x1b[1m\x1b[31mE   assert 1 == 0\x1b[0m\n'}
[0.755111] (mypkg) StdoutLine: {'line': b'----------------------------- Captured stdout call -----------------------------\n'}
[0.755309] (mypkg) StdoutLine: {'line': b'\n'}
[0.755349] (mypkg) StdoutLine: {'line': b'./launch/talk_listen.launch.py:17:1: W391 blank line at end of file\n'}
[0.755374] (mypkg) StdoutLine: {'line': b'\n'}
[0.755398] (mypkg) StdoutLine: {'line': b'^\n'}
[0.755420] (mypkg) StdoutLine: {'line': b'\n'}
[0.755444] (mypkg) StdoutLine: {'line': b'./mypkg/listener.py:37:1: W391 blank line at end of file\n'}
[0.755470] (mypkg) StdoutLine: {'line': b'\n'}
[0.755500] (mypkg) StdoutLine: {'line': b'^\n'}
[0.755534] (mypkg) StdoutLine: {'line': b'\n'}
[0.755556] (mypkg) StdoutLine: {'line': b'./mypkg/talker.py:29:1: W391 blank line at end of file\n'}
[0.755578] (mypkg) StdoutLine: {'line': b'\n'}
[0.755599] (mypkg) StdoutLine: {'line': b'^\n'}
[0.755620] (mypkg) StdoutLine: {'line': b'\n'}
[0.755641] (mypkg) StdoutLine: {'line': b'3     W391 blank line at end of file\n'}
[0.755662] (mypkg) StdoutLine: {'line': b'\n'}
[0.755684] (mypkg) StdoutLine: {'line': b'8 files checked\n'}
[0.755706] (mypkg) StdoutLine: {'line': b'3 errors\n'}
[0.755729] (mypkg) StdoutLine: {'line': b'\n'}
[0.755752] (mypkg) StdoutLine: {'line': b"'W'-type errors: 3\n"}
[0.755774] (mypkg) StdoutLine: {'line': b'\n'}
[0.755796] (mypkg) StdoutLine: {'line': b'Checked files:\n'}
[0.755818] (mypkg) StdoutLine: {'line': b'\n'}
[0.755839] (mypkg) StdoutLine: {'line': b'* ./setup.py\n'}
[0.755860] (mypkg) StdoutLine: {'line': b'* ./launch/talk_listen.launch.py\n'}
[0.755880] (mypkg) StdoutLine: {'line': b'* ./mypkg/listener.py\n'}
[0.755901] (mypkg) StdoutLine: {'line': b'* ./mypkg/talker.py\n'}
[0.755921] (mypkg) StdoutLine: {'line': b'* ./mypkg/__init__.py\n'}
[0.755941] (mypkg) StdoutLine: {'line': b'* ./test/test_pep257.py\n'}
[0.755961] (mypkg) StdoutLine: {'line': b'* ./test/test_copyright.py\n'}
[0.755981] (mypkg) StdoutLine: {'line': b'* ./test/test_flake8.py\n'}
[0.756001] (mypkg) StdoutLine: {'line': b'----------------------------- Captured stderr call -----------------------------\n'}
[0.756021] (mypkg) StdoutLine: {'line': b'option --max-complexity: please update from optparse string `type=` to argparse callable `type=` -- this will be an error in the future\n'}
[0.756046] (mypkg) StdoutLine: {'line': b'--- generated xml file: /home/koma/ros2_ws/src/mypkg/build/mypkg/pytest.xml ----\n'}
[0.756070] (mypkg) StdoutLine: {'line': b'=========================== short test summary info ============================\n'}
[0.756092] (mypkg) StdoutLine: {'line': b'FAILED test/test_flake8.py::test_flake8 - AssertionError: Found 3 code style ...\n'}
[0.756113] (mypkg) StderrLine: {'line': b'\x1b[33m=============================== warnings summary ===============================\x1b[0m\n'}
[0.756146] (mypkg) StderrLine: {'line': b'test/test_flake8.py::test_flake8\n'}
[0.756168] (mypkg) StderrLine: {'line': b'test/test_flake8.py::test_flake8\n'}
[0.756190] (mypkg) StderrLine: {'line': b'  Warning: SelectableGroups dict interface is deprecated. Use select.\n'}
[0.756210] (mypkg) StderrLine: {'line': b'\n'}
[0.756231] (mypkg) StderrLine: {'line': b'-- Docs: https://docs.pytest.org/en/stable/warnings.html\n'}
[0.756252] (mypkg) StdoutLine: {'line': b'\x1b[31m============== \x1b[31m\x1b[1m1 failed\x1b[0m, \x1b[32m1 passed\x1b[0m, \x1b[33m1 skipped\x1b[0m, \x1b[33m2 warnings\x1b[0m\x1b[31m in 0.25s\x1b[0m\x1b[31m ==============\x1b[0m\n'}
[0.797455] (mypkg) CommandEnded: {'returncode': 1}
[0.797859] (mypkg) TestFailure: {'identifier': 'mypkg'}
[0.797896] (mypkg) JobEnded: {'identifier': 'mypkg', 'rc': 0}
[0.798675] (-) EventReactorShutdown: {}
